!SESSION 2026-04-13 08:04:22.376 -----------------------------------------------
eclipse.buildId=unknown
java.version=21.0.10
java.vendor=Oracle Corporation
BootLoader constants: OS=win32, ARCH=x86_64, WS=win32, NL=en_US

This is a continuation of log file D:\Du_an\File\Test\liferays\LiferayCE7.4\osgi\state\1776067329728.bak_1.log
Created Time: 2026-04-13 08:04:22.376

!ENTRY org.apache.felix.scr 4 0 2026-04-13 08:04:22.376
!MESSAGE bundle com.liferay.portal.search.elasticsearch7.impl:6.0.105 (132)[com.liferay.portal.search.elasticsearch7.internal.index.CompanyIndexFactoryHelper(235)] : The activate method has thrown an exception
!STACK 0
java.util.concurrent.ExecutionException: java.lang.RuntimeException: Unable to start sidecar Elasticsearch process
	at java.base/java.util.concurrent.FutureTask.report(FutureTask.java:122)
	at java.base/java.util.concurrent.FutureTask.get(FutureTask.java:191)
	at com.liferay.portal.search.elasticsearch7.internal.connection.ElasticsearchConnectionManager.lambda$addElasticsearchConnection$1(ElasticsearchConnectionManager.java:103)
	at com.liferay.portal.search.elasticsearch7.internal.connection.ElasticsearchConnectionManager.getElasticsearchConnection(ElasticsearchConnectionManager.java:157)
	at com.liferay.portal.search.elasticsearch7.internal.connection.ElasticsearchConnectionManager.getElasticsearchConnection(ElasticsearchConnectionManager.java:372)
	at com.liferay.portal.search.elasticsearch7.internal.connection.ElasticsearchConnectionManager.getRestHighLevelClient(ElasticsearchConnectionManager.java:228)
	at com.liferay.portal.search.elasticsearch7.internal.connection.ElasticsearchConnectionManager.getRestHighLevelClient(ElasticsearchConnectionManager.java:220)
	at com.liferay.portal.search.elasticsearch7.internal.connection.ElasticsearchConnectionManager.getRestHighLevelClient(ElasticsearchConnectionManager.java:215)
	at com.liferay.portal.search.elasticsearch7.internal.index.CompanyIndexFactoryHelper._processContributions(CompanyIndexFactoryHelper.java:314)
	at com.liferay.portal.search.elasticsearch7.internal.index.CompanyIndexFactoryHelper.access$000(CompanyIndexFactoryHelper.java:55)
	at com.liferay.portal.search.elasticsearch7.internal.index.CompanyIndexFactoryHelper$1.addingService(CompanyIndexFactoryHelper.java:151)
	at com.liferay.portal.search.elasticsearch7.internal.index.CompanyIndexFactoryHelper$1.addingService(CompanyIndexFactoryHelper.java:141)
	at com.liferay.osgi.service.tracker.collections.internal.list.ServiceTrackerListImpl$ServiceReferenceServiceTrackerCustomizer.addingService(ServiceTrackerListImpl.java:155)
	at org.osgi.util.tracker.ServiceTracker$Tracked.customizerAdding(ServiceTracker.java:943)
	at org.osgi.util.tracker.ServiceTracker$Tracked.customizerAdding(ServiceTracker.java:1)
	at org.osgi.util.tracker.AbstractTracked.trackAdding(AbstractTracked.java:256)
	at org.osgi.util.tracker.AbstractTracked.trackInitial(AbstractTracked.java:183)
	at org.osgi.util.tracker.ServiceTracker.open(ServiceTracker.java:321)
	at com.liferay.osgi.service.tracker.collections.internal.ServiceTrackerManager.open(ServiceTrackerManager.java:58)
	at com.liferay.osgi.service.tracker.collections.internal.list.ServiceTrackerListImpl.<init>(ServiceTrackerListImpl.java:59)
	at com.liferay.osgi.service.tracker.collections.list.ServiceTrackerListFactory.open(ServiceTrackerListFactory.java:26)
	at com.liferay.portal.search.elasticsearch7.internal.index.CompanyIndexFactoryHelper.activate(CompanyIndexFactoryHelper.java:138)
	at java.base/jdk.internal.reflect.DirectMethodHandleAccessor.invoke(DirectMethodHandleAccessor.java:103)
	at java.base/java.lang.reflect.Method.invoke(Method.java:580)
	at org.apache.felix.scr.impl.inject.methods.BaseMethod.invokeMethod(BaseMethod.java:228)
	at org.apache.felix.scr.impl.inject.methods.BaseMethod.access$500(BaseMethod.java:41)
	at org.apache.felix.scr.impl.inject.methods.BaseMethod$Resolved.invoke(BaseMethod.java:664)
	at org.apache.felix.scr.impl.inject.methods.BaseMethod.invoke(BaseMethod.java:510)
	at org.apache.felix.scr.impl.inject.methods.ActivateMethod.invoke(ActivateMethod.java:310)
	at org.apache.felix.scr.impl.inject.methods.ActivateMethod.invoke(ActivateMethod.java:300)
	at org.apache.felix.scr.impl.manager.SingleComponentManager.createImplementationObject(SingleComponentManager.java:341)
	at org.apache.felix.scr.impl.manager.SingleComponentManager.createComponent(SingleComponentManager.java:114)
	at org.apache.felix.scr.impl.manager.SingleComponentManager.getService(SingleComponentManager.java:983)
	at org.apache.felix.scr.impl.manager.SingleComponentManager.getServiceInternal(SingleComponentManager.java:956)
	at org.apache.felix.scr.impl.manager.SingleComponentManager.getService(SingleComponentManager.java:901)
	at org.eclipse.osgi.internal.serviceregistry.ServiceFactoryUse.factoryGetService(ServiceFactoryUse.java:210)
	at org.eclipse.osgi.internal.serviceregistry.ServiceFactoryUse.getService(ServiceFactoryUse.java:111)
	at org.eclipse.osgi.internal.serviceregistry.ServiceConsumer$2.getService(ServiceConsumer.java:45)
	at org.eclipse.osgi.internal.serviceregistry.ServiceRegistrationImpl.getService(ServiceRegistrationImpl.java:519)
	at org.eclipse.osgi.internal.serviceregistry.ServiceRegistry.getService(ServiceRegistry.java:460)
	at org.eclipse.osgi.internal.framework.BundleContextImpl.getService(BundleContextImpl.java:616)
	at org.apache.felix.scr.impl.manager.SingleRefPair.getServiceObject(SingleRefPair.java:73)
	at org.apache.felix.scr.impl.inject.BindParameters.getServiceObject(BindParameters.java:47)
	at org.apache.felix.scr.impl.inject.field.FieldHandler$ReferenceMethodImpl.getServiceObject(FieldHandler.java:519)
	at org.apache.felix.scr.impl.manager.DependencyManager.getServiceObject(DependencyManager.java:2308)
	at org.apache.felix.scr.impl.manager.DependencyManager$SingleStaticCustomizer.prebind(DependencyManager.java:1162)
	at org.apache.felix.scr.impl.manager.DependencyManager.prebind(DependencyManager.java:1576)
	at org.apache.felix.scr.impl.manager.AbstractComponentManager.collectDependencies(AbstractComponentManager.java:1037)
	at org.apache.felix.scr.impl.manager.SingleComponentManager.getServiceInternal(SingleComponentManager.java:936)
	at org.apache.felix.scr.impl.manager.SingleComponentManager.getService(SingleComponentManager.java:901)
	at org.eclipse.osgi.internal.serviceregistry.ServiceFactoryUse.factoryGetService(ServiceFactoryUse.java:210)
	at org.eclipse.osgi.internal.serviceregistry.ServiceFactoryUse.getService(ServiceFactoryUse.java:111)
	at org.eclipse.osgi.internal.serviceregistry.ServiceConsumer$2.getService(ServiceConsumer.java:45)
	at org.eclipse.osgi.internal.serviceregistry.ServiceRegistrationImpl.getService(ServiceRegistrationImpl.java:519)
	at org.eclipse.osgi.internal.serviceregistry.ServiceRegistry.getService(ServiceRegistry.java:460)
	at org.eclipse.osgi.internal.framework.BundleContextImpl.getService(BundleContextImpl.java:616)
	at org.apache.felix.scr.impl.manager.SingleRefPair.getServiceObject(SingleRefPair.java:73)
	at org.apache.felix.scr.impl.inject.BindParameters.getServiceObject(BindParameters.java:47)
	at org.apache.felix.scr.impl.inject.field.FieldHandler$ReferenceMethodImpl.getServiceObject(FieldHandler.java:519)
	at org.apache.felix.scr.impl.manager.DependencyManager.getServiceObject(DependencyManager.java:2308)
	at org.apache.felix.scr.impl.manager.DependencyManager$SingleStaticCustomizer.prebind(DependencyManager.java:1162)
	at org.apache.felix.scr.impl.manager.DependencyManager.prebind(DependencyManager.java:1576)
	at org.apache.felix.scr.impl.manager.AbstractComponentManager.collectDependencies(AbstractComponentManager.java:1037)
	at org.apache.felix.scr.impl.manager.SingleComponentManager.getServiceInternal(SingleComponentManager.java:936)
	at org.apache.felix.scr.impl.manager.SingleComponentManager.getService(SingleComponentManager.java:901)
	at org.eclipse.osgi.internal.serviceregistry.ServiceFactoryUse.factoryGetService(ServiceFactoryUse.java:210)
	at org.eclipse.osgi.internal.serviceregistry.ServiceFactoryUse.getService(ServiceFactoryUse.java:111)
	at org.eclipse.osgi.internal.serviceregistry.ServiceConsumer$2.getService(ServiceConsumer.java:45)
	at org.eclipse.osgi.internal.serviceregistry.ServiceRegistrationImpl.getService(ServiceRegistrationImpl.java:519)
	at org.eclipse.osgi.internal.serviceregistry.ServiceRegistry.getService(ServiceRegistry.java:460)
	at org.eclipse.osgi.internal.framework.BundleContextImpl.getService(BundleContextImpl.java:616)
	at org.apache.felix.scr.impl.manager.SingleRefPair.getServiceObject(SingleRefPair.java:73)
	at org.apache.felix.scr.impl.inject.BindParameters.getServiceObject(BindParameters.java:47)
	at org.apache.felix.scr.impl.inject.field.FieldHandler$ReferenceMethodImpl.getServiceObject(FieldHandler.java:519)
	at org.apache.felix.scr.impl.manager.DependencyManager.getServiceObject(DependencyManager.java:2308)
	at org.apache.felix.scr.impl.manager.DependencyManager$SingleDynamicCustomizer.prebind(DependencyManager.java:962)
	at org.apache.felix.scr.impl.manager.DependencyManager.prebind(DependencyManager.java:1576)
	at org.apache.felix.scr.impl.manager.AbstractComponentManager.collectDependencies(AbstractComponentManager.java:1037)
	at org.apache.felix.scr.impl.manager.SingleComponentManager.getServiceInternal(SingleComponentManager.java:936)
	at org.apache.felix.scr.impl.manager.SingleComponentManager.getService(SingleComponentManager.java:901)
	at org.eclipse.osgi.internal.serviceregistry.ServiceFactoryUse.factoryGetService(ServiceFactoryUse.java:210)
	at org.eclipse.osgi.internal.serviceregistry.ServiceFactoryUse.getService(ServiceFactoryUse.java:111)
	at org.eclipse.osgi.internal.serviceregistry.ServiceConsumer$2.getService(ServiceConsumer.java:45)
	at org.eclipse.osgi.internal.serviceregistry.ServiceRegistrationImpl.getService(ServiceRegistrationImpl.java:519)
	at org.eclipse.osgi.internal.serviceregistry.ServiceRegistry.getService(ServiceRegistry.java:460)
	at org.eclipse.osgi.internal.framework.BundleContextImpl.getService(BundleContextImpl.java:616)
	at org.apache.felix.scr.impl.manager.SingleRefPair.getServiceObject(SingleRefPair.java:73)
	at org.apache.felix.scr.impl.inject.BindParameters.getServiceObject(BindParameters.java:47)
	at org.apache.felix.scr.impl.inject.field.FieldHandler$ReferenceMethodImpl.getServiceObject(FieldHandler.java:519)
	at org.apache.felix.scr.impl.manager.DependencyManager.getServiceObject(DependencyManager.java:2308)
	at org.apache.felix.scr.impl.manager.DependencyManager$SingleStaticCustomizer.prebind(DependencyManager.java:1162)
	at org.apache.felix.scr.impl.manager.DependencyManager.prebind(DependencyManager.java:1576)
	at org.apache.felix.scr.impl.manager.AbstractComponentManager.collectDependencies(AbstractComponentManager.java:1037)
	at org.apache.felix.scr.impl.manager.SingleComponentManager.getServiceInternal(SingleComponentManager.java:936)
	at org.apache.felix.scr.impl.manager.SingleComponentManager.getService(SingleComponentManager.java:901)
	at org.eclipse.osgi.internal.serviceregistry.ServiceFactoryUse.factoryGetService(ServiceFactoryUse.java:210)
	at org.eclipse.osgi.internal.serviceregistry.ServiceFactoryUse.getService(ServiceFactoryUse.java:111)
	at org.eclipse.osgi.internal.serviceregistry.ServiceConsumer$2.getService(ServiceConsumer.java:45)
	at org.eclipse.osgi.internal.serviceregistry.ServiceRegistrationImpl.getService(ServiceRegistrationImpl.java:519)
	at org.eclipse.osgi.internal.serviceregistry.ServiceRegistry.getService(ServiceRegistry.java:460)
	at org.eclipse.osgi.internal.framework.BundleContextImpl.getService(BundleContextImpl.java:616)
	at org.apache.felix.scr.impl.manager.SingleRefPair.getServiceObject(SingleRefPair.java:73)
	at org.apache.felix.scr.impl.inject.BindParameters.getServiceObject(BindParameters.java:47)
	at org.apache.felix.scr.impl.inject.field.FieldHandler$ReferenceMethodImpl.getServiceObject(FieldHandler.java:519)
	at org.apache.felix.scr.impl.manager.DependencyManager.getServiceObject(DependencyManager.java:2308)
	at org.apache.felix.scr.impl.manager.DependencyManager$SingleStaticCustomizer.prebind(DependencyManager.java:1162)
	at org.apache.felix.scr.impl.manager.DependencyManager.prebind(DependencyManager.java:1576)
	at org.apache.felix.scr.impl.manager.AbstractComponentManager.collectDependencies(AbstractComponentManager.java:1037)
	at org.apache.felix.scr.impl.manager.SingleComponentManager.getServiceInternal(SingleComponentManager.java:936)
	at org.apache.felix.scr.impl.manager.SingleComponentManager.getService(SingleComponentManager.java:901)
	at org.eclipse.osgi.internal.serviceregistry.ServiceFactoryUse.factoryGetService(ServiceFactoryUse.java:210)
	at org.eclipse.osgi.internal.serviceregistry.ServiceFactoryUse.getService(ServiceFactoryUse.java:111)
	at org.eclipse.osgi.internal.serviceregistry.ServiceConsumer$2.getService(ServiceConsumer.java:45)
	at org.eclipse.osgi.internal.serviceregistry.ServiceRegistrationImpl.getService(ServiceRegistrationImpl.java:519)
	at org.eclipse.osgi.internal.serviceregistry.ServiceRegistry.getService(ServiceRegistry.java:460)
	at org.eclipse.osgi.internal.framework.BundleContextImpl.getService(BundleContextImpl.java:616)
	at org.apache.felix.scr.impl.manager.SingleRefPair.getServiceObject(SingleRefPair.java:73)
	at org.apache.felix.scr.impl.inject.BindParameters.getServiceObject(BindParameters.java:47)
	at org.apache.felix.scr.impl.inject.field.FieldHandler$ReferenceMethodImpl.getServiceObject(FieldHandler.java:519)
	at org.apache.felix.scr.impl.manager.DependencyManager.getServiceObject(DependencyManager.java:2308)
	at org.apache.felix.scr.impl.manager.DependencyManager$SingleStaticCustomizer.prebind(DependencyManager.java:1162)
	at org.apache.felix.scr.impl.manager.DependencyManager.prebind(DependencyManager.java:1576)
	at org.apache.felix.scr.impl.manager.AbstractComponentManager.collectDependencies(AbstractComponentManager.java:1037)
	at org.apache.felix.scr.impl.manager.SingleComponentManager.getServiceInternal(SingleComponentManager.java:936)
	at org.apache.felix.scr.impl.manager.SingleComponentManager.getService(SingleComponentManager.java:901)
	at org.eclipse.osgi.internal.serviceregistry.ServiceFactoryUse.factoryGetService(ServiceFactoryUse.java:210)
	at org.eclipse.osgi.internal.serviceregistry.ServiceFactoryUse.getService(ServiceFactoryUse.java:111)
	at org.eclipse.osgi.internal.serviceregistry.ServiceConsumer$2.getService(ServiceConsumer.java:45)
	at org.eclipse.osgi.internal.serviceregistry.ServiceRegistrationImpl.getService(ServiceRegistrationImpl.java:519)
	at org.eclipse.osgi.internal.serviceregistry.ServiceRegistry.getService(ServiceRegistry.java:460)
	at org.eclipse.osgi.internal.framework.BundleContextImpl.getService(BundleContextImpl.java:616)
	at org.apache.felix.scr.impl.manager.SingleRefPair.getServiceObject(SingleRefPair.java:73)
	at org.apache.felix.scr.impl.inject.BindParameters.getServiceObject(BindParameters.java:47)
	at org.apache.felix.scr.impl.inject.field.FieldHandler$ReferenceMethodImpl.getServiceObject(FieldHandler.java:519)
	at org.apache.felix.scr.impl.manager.DependencyManager.getServiceObject(DependencyManager.java:2308)
	at org.apache.felix.scr.impl.manager.DependencyManager$SingleStaticCustomizer.prebind(DependencyManager.java:1162)
	at org.apache.felix.scr.impl.manager.DependencyManager.prebind(DependencyManager.java:1576)
	at org.apache.felix.scr.impl.manager.AbstractComponentManager.collectDependencies(AbstractComponentManager.java:1037)
	at org.apache.felix.scr.impl.manager.SingleComponentManager.getServiceInternal(SingleComponentManager.java:936)
	at org.apache.felix.scr.impl.manager.SingleComponentManager.getService(SingleComponentManager.java:901)
	at org.eclipse.osgi.internal.serviceregistry.ServiceFactoryUse.factoryGetService(ServiceFactoryUse.java:210)
	at org.eclipse.osgi.internal.serviceregistry.ServiceFactoryUse.getService(ServiceFactoryUse.java:111)
	at org.eclipse.osgi.internal.serviceregistry.ServiceConsumer$2.getService(ServiceConsumer.java:45)
	at org.eclipse.osgi.internal.serviceregistry.ServiceRegistrationImpl.getService(ServiceRegistrationImpl.java:519)
	at org.eclipse.osgi.internal.serviceregistry.ServiceRegistry.getService(ServiceRegistry.java:460)
	at org.eclipse.osgi.internal.framework.BundleContextImpl.getService(BundleContextImpl.java:616)
	at com.liferay.portal.kernel.module.service.Snapshot.lambda$null$2(Snapshot.java:151)
	at com.liferay.petra.concurrent.DCLSingleton.getSingleton(DCLSingleton.java:39)
	at com.liferay.portal.kernel.module.service.Snapshot.lambda$new$3(Snapshot.java:109)
	at com.liferay.portal.kernel.module.service.Snapshot.get(Snapshot.java:157)
	at com.liferay.journal.web.internal.util.JournalSearcherUtil.searchJournalArticles(JournalSearcherUtil.java:51)
	at com.liferay.journal.web.internal.display.context.JournalDisplayContext._getVersionsSearchContainer(JournalDisplayContext.java:2190)
	at com.liferay.journal.web.internal.display.context.JournalDisplayContext.getVersionsTotal(JournalDisplayContext.java:1200)
	at com.liferay.journal.web.internal.display.context.JournalDisplayContext.hasVersionsResults(JournalDisplayContext.java:1250)
	at com.liferay.journal.web.internal.display.context.JournalDisplayContext._getTabDefaultValue(JournalDisplayContext.java:2163)
	at com.liferay.journal.web.internal.display.context.JournalDisplayContext.getTab(JournalDisplayContext.java:1146)
	at com.liferay.journal.web.internal.display.context.JournalDisplayContext.isCommentsTabSelected(JournalDisplayContext.java:1258)
	at com.liferay.journal.web.internal.display.context.JournalDisplayContext.isShowComments(JournalDisplayContext.java:1363)
	at com.liferay.journal.web.internal.display.context.JournalDisplayContext.getSearchContainer(JournalDisplayContext.java:994)
	at com.liferay.journal.web.internal.display.context.JournalManagementToolbarDisplayContext.<init>(JournalManagementToolbarDisplayContext.java:103)
	at org.apache.jsp.view_jsp._jspService(view_jsp:424)
	at org.apache.jasper.runtime.HttpJspBase.service(HttpJspBase.java:111)
	at javax.servlet.http.HttpServlet.service(HttpServlet.java:623)
	at org.apache.jasper.servlet.JspServletWrapper.service(JspServletWrapper.java:411)
	at org.apache.jasper.servlet.JspServlet.serviceJspFile(JspServlet.java:473)
	at org.apache.jasper.servlet.JspServlet.service(JspServlet.java:377)
	at javax.servlet.http.HttpServlet.service(HttpServlet.java:623)
	at com.liferay.portal.osgi.web.servlet.jsp.compiler.internal.JspServlet.service(JspServlet.java:310)
	at com.liferay.portal.osgi.web.servlet.jsp.compiler.internal.JspServlet.service(JspServlet.java:319)
	at org.eclipse.equinox.http.servlet.internal.registration.EndpointRegistration.service(EndpointRegistration.java:147)
	at org.eclipse.equinox.http.servlet.internal.servlet.ResponseStateHandler.processRequest(ResponseStateHandler.java:63)
	at org.eclipse.equinox.http.servlet.internal.context.DispatchTargets.doDispatch(DispatchTargets.java:120)
	at org.eclipse.equinox.http.servlet.internal.servlet.RequestDispatcherAdaptor.include(RequestDispatcherAdaptor.java:48)
	at com.liferay.portlet.internal.PortletRequestDispatcherImpl.dispatch(PortletRequestDispatcherImpl.java:282)
	at com.liferay.portlet.internal.PortletRequestDispatcherImpl.include(PortletRequestDispatcherImpl.java:114)
	at com.liferay.portal.kernel.portlet.bridges.mvc.MVCPortlet.include(MVCPortlet.java:611)
	at com.liferay.portal.kernel.portlet.bridges.mvc.MVCPortlet.include(MVCPortlet.java:627)
	at com.liferay.portal.kernel.portlet.bridges.mvc.MVCPortlet.doView(MVCPortlet.java:172)
	at com.liferay.portal.kernel.portlet.LiferayPortlet.doDispatch(LiferayPortlet.java:278)
	at com.liferay.portal.kernel.portlet.bridges.mvc.MVCPortlet.doDispatch(MVCPortlet.java:500)
	at com.liferay.journal.web.internal.portlet.JournalPortlet.doDispatch(JournalPortlet.java:283)
	at javax.portlet.GenericPortlet.render(GenericPortlet.java:291)
	at com.liferay.portal.kernel.portlet.bridges.mvc.MVCPortlet.render(MVCPortlet.java:300)
	at com.liferay.journal.web.internal.portlet.JournalPortlet.render(JournalPortlet.java:202)
	at com.liferay.portlet.internal.FilterChainImpl.doFilter(FilterChainImpl.java:118)
	at com.liferay.portlet.ScriptDataPortletFilter.doFilter(ScriptDataPortletFilter.java:49)
	at com.liferay.portlet.internal.FilterChainImpl.doFilter(FilterChainImpl.java:115)
	at com.liferay.portal.kernel.portlet.PortletFilterUtil.doFilter(PortletFilterUtil.java:62)
	at com.liferay.portal.kernel.servlet.PortletServlet.service(PortletServlet.java:105)
	at javax.servlet.http.HttpServlet.service(HttpServlet.java:623)
	at org.eclipse.equinox.http.servlet.internal.registration.EndpointRegistration.service(EndpointRegistration.java:147)
	at org.eclipse.equinox.http.servlet.internal.servlet.ResponseStateHandler.processRequest(ResponseStateHandler.java:63)
	at org.eclipse.equinox.http.servlet.internal.context.DispatchTargets.doDispatch(DispatchTargets.java:120)
	at org.eclipse.equinox.http.servlet.internal.servlet.RequestDispatcherAdaptor.include(RequestDispatcherAdaptor.java:48)
	at com.liferay.portlet.internal.InvokerPortletImpl.invoke(InvokerPortletImpl.java:562)
	at com.liferay.portlet.internal.InvokerPortletImpl.invokeRender(InvokerPortletImpl.java:652)
	at com.liferay.portlet.internal.InvokerPortletImpl.render(InvokerPortletImpl.java:338)
	at com.liferay.portal.monitoring.internal.portlet.MonitoringInvokerPortlet.lambda$render$0(MonitoringInvokerPortlet.java:250)
	at com.liferay.portal.monitoring.internal.portlet.MonitoringInvokerPortlet._render(MonitoringInvokerPortlet.java:353)
	at com.liferay.portal.monitoring.internal.portlet.MonitoringInvokerPortlet.render(MonitoringInvokerPortlet.java:248)
	at org.apache.jsp.html.portal.render_005fportlet_jsp._jspService(render_005fportlet_jsp.java:1395)
	at org.apache.jasper.runtime.HttpJspBase.service(HttpJspBase.java:70)
	at javax.servlet.http.HttpServlet.service(HttpServlet.java:623)
	at com.liferay.portal.kernel.servlet.DirectRequestDispatcher.include(DirectRequestDispatcher.java:53)
	at com.liferay.portal.kernel.servlet.DirectRequestDispatcherFactoryUtil$IndirectRequestDispatcher.include(DirectRequestDispatcherFactoryUtil.java:179)
	at com.liferay.portal.kernel.servlet.ClassLoaderRequestDispatcherWrapper.doDispatch(ClassLoaderRequestDispatcherWrapper.java:64)
	at com.liferay.portal.kernel.servlet.ClassLoaderRequestDispatcherWrapper.include(ClassLoaderRequestDispatcherWrapper.java:45)
	at com.liferay.portal.kernel.servlet.TransferHeadersHelperUtil$TransferHeadersRequestDispatcher.include(TransferHeadersHelperUtil.java:152)
	at com.liferay.portlet.internal.PortletContainerImpl._render(PortletContainerImpl.java:886)
	at com.liferay.portlet.internal.PortletContainerImpl.lambda$render$2(PortletContainerImpl.java:214)
	at com.liferay.portlet.internal.PortletContainerImpl._preserveGroupIds(PortletContainerImpl.java:402)
	at com.liferay.portlet.internal.PortletContainerImpl.render(PortletContainerImpl.java:202)
	at com.liferay.portlet.SecurityPortletContainerWrapper.render(SecurityPortletContainerWrapper.java:125)
	at com.liferay.portlet.RestrictPortletContainerWrapper.lambda$render$0(RestrictPortletContainerWrapper.java:115)
	at com.liferay.portlet.RestrictPortletContainerWrapper._render(RestrictPortletContainerWrapper.java:176)
	at com.liferay.portlet.RestrictPortletContainerWrapper.render(RestrictPortletContainerWrapper.java:113)
	at com.liferay.portal.kernel.portlet.PortletContainerUtil.render(PortletContainerUtil.java:205)
	at com.liferay.portal.layoutconfiguration.util.velocity.TemplateProcessor.processMax(TemplateProcessor.java:134)
	at java.base/jdk.internal.reflect.DirectMethodHandleAccessor.invoke(DirectMethodHandleAccessor.java:103)
	at java.base/java.lang.reflect.Method.invoke(Method.java:580)
	at freemarker.ext.beans.BeansWrapper.invokeMethod(BeansWrapper.java:1505)
	at freemarker.ext.beans.SimpleMethodModel.exec(SimpleMethodModel.java:72)
	at freemarker.core.MethodCall._eval(MethodCall.java:62)
	at freemarker.core.Expression.eval(Expression.java:101)
	at freemarker.core.DollarVariable.calculateInterpolatedStringOrMarkup(DollarVariable.java:100)
	at freemarker.core.DollarVariable.accept(DollarVariable.java:63)
	at freemarker.core.Environment.visit(Environment.java:331)
	at freemarker.core.Environment.visit(Environment.java:337)
	at freemarker.core.Environment.process(Environment.java:310)
	at freemarker.template.Template.process(Template.java:383)
	at com.liferay.portal.template.freemarker.internal.FreeMarkerTemplate.lambda$processTemplate$0(FreeMarkerTemplate.java:148)
	at com.liferay.portal.template.freemarker.internal.FreeMarkerManager.render(FreeMarkerManager.java:355)
	at com.liferay.portal.template.freemarker.internal.FreeMarkerTemplate.processTemplate(FreeMarkerTemplate.java:135)
	at com.liferay.portal.template.engine.BaseTemplate.processTemplate(BaseTemplate.java:117)
	at com.liferay.portal.layoutconfiguration.util.RuntimePageUtil.doProcessTemplate(RuntimePageUtil.java:170)
	at com.liferay.portal.layoutconfiguration.util.RuntimePageUtil.doDispatch(RuntimePageUtil.java:135)
	at com.liferay.portal.layoutconfiguration.util.RuntimePageUtil.getProcessedTemplate(RuntimePageUtil.java:63)
	at com.liferay.application.list.taglib.display.context.logic.PanelAppContentHelper.writeContent(PanelAppContentHelper.java:76)
	at org.apache.jsp.application_005fcontent.page_jsp._jspService(page_jsp.java:145)
	at org.apache.jasper.runtime.HttpJspBase.service(HttpJspBase.java:111)
	at javax.servlet.http.HttpServlet.service(HttpServlet.java:623)
	at org.apache.jasper.servlet.JspServletWrapper.service(JspServletWrapper.java:411)
	at org.apache.jasper.servlet.JspServlet.serviceJspFile(JspServlet.java:473)
	at org.apache.jasper.servlet.JspServlet.service(JspServlet.java:377)
	at javax.servlet.http.HttpServlet.service(HttpServlet.java:623)
	at com.liferay.portal.osgi.web.servlet.jsp.compiler.internal.JspServlet.service(JspServlet.java:310)
	at com.liferay.portal.osgi.web.servlet.jsp.compiler.internal.JspServlet.service(JspServlet.java:319)
	at org.eclipse.equinox.http.servlet.internal.registration.EndpointRegistration.service(EndpointRegistration.java:147)
	at org.eclipse.equinox.http.servlet.internal.servlet.ResponseStateHandler.processRequest(ResponseStateHandler.java:63)
	at org.eclipse.equinox.http.servlet.internal.context.DispatchTargets.doDispatch(DispatchTargets.java:120)
	at org.eclipse.equinox.http.servlet.internal.servlet.RequestDispatcherAdaptor.include(RequestDispatcherAdaptor.java:48)
	at com.liferay.portal.kernel.servlet.DirectServletPathRegisterDispatcher.include(DirectServletPathRegisterDispatcher.java:57)
	at com.liferay.portal.kernel.servlet.DirectRequestDispatcherFactoryUtil$IndirectRequestDispatcher.include(DirectRequestDispatcherFactoryUtil.java:179)
	at com.liferay.portal.kernel.servlet.ClassLoaderRequestDispatcherWrapper.doDispatch(ClassLoaderRequestDispatcherWrapper.java:64)
	at com.liferay.portal.kernel.servlet.ClassLoaderRequestDispatcherWrapper.include(ClassLoaderRequestDispatcherWrapper.java:45)
	at com.liferay.taglib.util.IncludeTag.includePage(IncludeTag.java:400)
	at com.liferay.taglib.util.IncludeTag.include(IncludeTag.java:375)
	at com.liferay.taglib.util.IncludeTag.doInclude(IncludeTag.java:208)
	at com.liferay.taglib.util.IncludeTag.doEndTag(IncludeTag.java:79)
	at org.apache.jsp.layout.view.control_005fpanel_jsp._jspService(control_005fpanel_jsp.java:109)
	at org.apache.jasper.runtime.HttpJspBase.service(HttpJspBase.java:111)
	at javax.servlet.http.HttpServlet.service(HttpServlet.java:623)
	at org.apache.jasper.servlet.JspServletWrapper.service(JspServletWrapper.java:411)
	at org.apache.jasper.servlet.JspServlet.serviceJspFile(JspServlet.java:473)
	at org.apache.jasper.servlet.JspServlet.service(JspServlet.java:377)
	at javax.servlet.http.HttpServlet.service(HttpServlet.java:623)
	at com.liferay.portal.osgi.web.servlet.jsp.compiler.internal.JspServlet.service(JspServlet.java:310)
	at com.liferay.portal.osgi.web.servlet.jsp.compiler.internal.JspServlet.service(JspServlet.java:319)
	at org.eclipse.equinox.http.servlet.internal.registration.EndpointRegistration.service(EndpointRegistration.java:147)
	at org.eclipse.equinox.http.servlet.internal.servlet.ResponseStateHandler.processRequest(ResponseStateHandler.java:63)
	at org.eclipse.equinox.http.servlet.internal.context.DispatchTargets.doDispatch(DispatchTargets.java:120)
	at org.eclipse.equinox.http.servlet.internal.servlet.RequestDispatcherAdaptor.include(RequestDispatcherAdaptor.java:48)
	at com.liferay.portal.kernel.servlet.TransferHeadersHelperUtil$TransferHeadersRequestDispatcher.include(TransferHeadersHelperUtil.java:152)
	at com.liferay.layout.type.controller.BaseLayoutTypeControllerImpl.includeLayoutContent(BaseLayoutTypeControllerImpl.java:102)
	at com.liferay.portal.model.impl.LayoutImpl.includeLayoutContent(LayoutImpl.java:1021)
	at com.liferay.portal.kernel.model.LayoutWrapper.includeLayoutContent(LayoutWrapper.java:1560)
	at com.liferay.portal.action.LayoutAction.processLayout(LayoutAction.java:427)
	at com.liferay.portal.action.LayoutAction.execute(LayoutAction.java:165)
	at com.liferay.portal.struts.PortalRequestProcessor._process(PortalRequestProcessor.java:375)
	at com.liferay.portal.struts.PortalRequestProcessor.process(PortalRequestProcessor.java:142)
	at com.liferay.portal.internal.servlet.MainServlet.doGet(MainServlet.java:196)
	at javax.servlet.http.HttpServlet.service(HttpServlet.java:529)
	at com.liferay.portal.internal.servlet.MainServlet.service(MainServlet.java:586)
	at javax.servlet.http.HttpServlet.service(HttpServlet.java:623)
	at com.liferay.shielded.container.internal.proxy.ServletWrapper.service(ServletWrapper.java:103)
	at org.apache.catalina.core.ApplicationFilterChain.internalDoFilter(ApplicationFilterChain.java:209)
	at org.apache.catalina.core.ApplicationFilterChain.doFilter(ApplicationFilterChain.java:153)
	at org.apache.tomcat.websocket.server.WsFilter.doFilter(WsFilter.java:51)
	at org.apache.catalina.core.ApplicationFilterChain.internalDoFilter(ApplicationFilterChain.java:178)
	at org.apache.catalina.core.ApplicationFilterChain.doFilter(ApplicationFilterChain.java:153)
	at com.liferay.portal.kernel.servlet.filters.invoker.InvokerFilterChain.doFilter(InvokerFilterChain.java:117)
	at com.liferay.portal.servlet.filters.password.modified.PasswordModifiedFilter.processFilter(PasswordModifiedFilter.java:47)
	at com.liferay.portal.kernel.servlet.BaseFilter.doFilter(BaseFilter.java:40)
	at com.liferay.portal.kernel.servlet.filters.invoker.InvokerFilterChain.processDoFilter(InvokerFilterChain.java:204)
	at com.liferay.portal.kernel.servlet.filters.invoker.InvokerFilterChain.doFilter(InvokerFilterChain.java:109)
	at com.liferay.portal.servlet.filters.lockout.LockoutFilter.processFilter(LockoutFilter.java:49)
	at com.liferay.portal.kernel.servlet.BaseFilter.doFilter(BaseFilter.java:40)
	at com.liferay.portal.kernel.servlet.filters.invoker.InvokerFilterChain.processDoFilter(InvokerFilterChain.java:204)
	at com.liferay.portal.kernel.servlet.filters.invoker.InvokerFilterChain.doFilter(InvokerFilterChain.java:109)
	at com.liferay.portal.kernel.servlet.BaseFilter.processFilter(BaseFilter.java:138)
	at com.liferay.portal.servlet.filters.secure.BaseAuthFilter.processFilter(BaseAuthFilter.java:330)
	at com.liferay.portal.kernel.servlet.BaseFilter.doFilter(BaseFilter.java:40)
	at com.liferay.portal.kernel.servlet.filters.invoker.InvokerFilterChain.processDoFilter(InvokerFilterChain.java:204)
	at com.liferay.portal.kernel.servlet.filters.invoker.InvokerFilterChain.doFilter(InvokerFilterChain.java:109)
	at com.liferay.portal.kernel.servlet.BaseFilter.processFilter(BaseFilter.java:138)
	at com.liferay.portal.monitoring.internal.servlet.filter.MonitoringFilter.processFilter(MonitoringFilter.java:116)
	at com.liferay.portal.kernel.servlet.BaseFilter.doFilter(BaseFilter.java:40)
	at com.liferay.portal.kernel.servlet.filters.invoker.InvokerFilterChain.processDoFilter(InvokerFilterChain.java:204)
	at com.liferay.portal.kernel.servlet.filters.invoker.InvokerFilterChain.doFilter(InvokerFilterChain.java:109)
	at org.tuckey.web.filters.urlrewrite.RuleChain.handleRewrite(RuleChain.java:176)
	at org.tuckey.web.filters.urlrewrite.RuleChain.doRules(RuleChain.java:145)
	at org.tuckey.web.filters.urlrewrite.UrlRewriter.processRequest(UrlRewriter.java:92)
	at org.tuckey.web.filters.urlrewrite.UrlRewriteFilter.doFilter(UrlRewriteFilter.java:389)
	at com.liferay.portal.url.rewrite.filter.internal.URLRewriteFilter.processFilter(URLRewriteFilter.java:86)
	at com.liferay.portal.kernel.servlet.BaseFilter.doFilter(BaseFilter.java:40)
	at com.liferay.portal.kernel.servlet.filters.invoker.InvokerFilterChain.processDoFilter(InvokerFilterChain.java:204)
	at com.liferay.portal.kernel.servlet.filters.invoker.InvokerFilterChain.doFilter(InvokerFilterChain.java:109)
	at com.liferay.portal.kernel.servlet.filters.invoker.InvokerFilter.doFilter(InvokerFilter.java:95)
	at com.liferay.shielded.container.internal.proxy.FilterWrapper.doFilter(FilterWrapper.java:69)
	at org.apache.catalina.core.ApplicationFilterChain.internalDoFilter(ApplicationFilterChain.java:178)
	at org.apache.catalina.core.ApplicationFilterChain.doFilter(ApplicationFilterChain.java:153)
	at org.apache.catalina.core.ApplicationDispatcher.invoke(ApplicationDispatcher.java:661)
	at org.apache.catalina.core.ApplicationDispatcher.processRequest(ApplicationDispatcher.java:425)
	at org.apache.catalina.core.ApplicationDispatcher.doForward(ApplicationDispatcher.java:357)
	at org.apache.catalina.core.ApplicationDispatcher.forward(ApplicationDispatcher.java:294)
	at com.liferay.friendly.url.internal.servlet.FriendlyURLServlet.service(FriendlyURLServlet.java:551)
	at javax.servlet.http.HttpServlet.service(HttpServlet.java:623)
	at com.liferay.portal.servlet.ServletAdapter.service(ServletAdapter.java:89)
	at javax.servlet.http.HttpServlet.service(HttpServlet.java:623)
	at com.liferay.shielded.container.internal.proxy.ServletWrapper.service(ServletWrapper.java:103)
	at org.apache.catalina.core.ApplicationFilterChain.internalDoFilter(ApplicationFilterChain.java:209)
	at org.apache.catalina.core.ApplicationFilterChain.doFilter(ApplicationFilterChain.java:153)
	at org.apache.tomcat.websocket.server.WsFilter.doFilter(WsFilter.java:51)
	at org.apache.catalina.core.ApplicationFilterChain.internalDoFilter(ApplicationFilterChain.java:178)
	at org.apache.catalina.core.ApplicationFilterChain.doFilter(ApplicationFilterChain.java:153)
	at com.liferay.portal.kernel.servlet.filters.invoker.InvokerFilterChain.doFilter(InvokerFilterChain.java:117)
	at com.liferay.portal.kernel.servlet.BaseFilter.processFilter(BaseFilter.java:138)
	at com.liferay.portal.i18n.filter.internal.I18nFilter.processFilter(I18nFilter.java:371)
	at com.liferay.portal.kernel.servlet.BaseFilter.doFilter(BaseFilter.java:40)
	at com.liferay.portal.kernel.servlet.filters.invoker.InvokerFilterChain.processDoFilter(InvokerFilterChain.java:204)
	at com.liferay.portal.kernel.servlet.filters.invoker.InvokerFilterChain.doFilter(InvokerFilterChain.java:109)
	at com.liferay.portal.servlet.filters.password.modified.PasswordModifiedFilter.processFilter(PasswordModifiedFilter.java:47)
	at com.liferay.portal.kernel.servlet.BaseFilter.doFilter(BaseFilter.java:40)
	at com.liferay.portal.kernel.servlet.filters.invoker.InvokerFilterChain.processDoFilter(InvokerFilterChain.java:204)
	at com.liferay.portal.kernel.servlet.filters.invoker.InvokerFilterChain.doFilter(InvokerFilterChain.java:109)
	at com.liferay.portal.servlet.filters.lockout.LockoutFilter.processFilter(LockoutFilter.java:49)
	at com.liferay.portal.kernel.servlet.BaseFilter.doFilter(BaseFilter.java:40)
	at com.liferay.portal.kernel.servlet.filters.invoker.InvokerFilterChain.processDoFilter(InvokerFilterChain.java:204)
	at com.liferay.portal.kernel.servlet.filters.invoker.InvokerFilterChain.doFilter(InvokerFilterChain.java:109)
	at com.liferay.portal.kernel.servlet.BaseFilter.processFilter(BaseFilter.java:138)
	at com.liferay.portal.servlet.filters.secure.BaseAuthFilter.processFilter(BaseAuthFilter.java:330)
	at com.liferay.portal.kernel.servlet.BaseFilter.doFilter(BaseFilter.java:40)
	at com.liferay.portal.kernel.servlet.filters.invoker.InvokerFilterChain.processDoFilter(InvokerFilterChain.java:204)
	at com.liferay.portal.kernel.servlet.filters.invoker.InvokerFilterChain.doFilter(InvokerFilterChain.java:109)
	at com.liferay.portal.kernel.servlet.BaseFilter.processFilter(BaseFilter.java:138)
	at com.liferay.portal.servlet.filters.etag.ETagFilter.processFilter(ETagFilter.java:78)
	at com.liferay.portal.kernel.servlet.BaseFilter.doFilter(BaseFilter.java:40)
	at com.liferay.portal.kernel.servlet.filters.invoker.InvokerFilterChain.processDoFilter(InvokerFilterChain.java:204)
	at com.liferay.portal.kernel.servlet.filters.invoker.InvokerFilterChain.doFilter(InvokerFilterChain.java:109)
	at com.liferay.portal.kernel.servlet.BaseFilter.processFilter(BaseFilter.java:138)
	at com.liferay.portal.servlet.filters.autologin.AutoLoginFilter.processFilter(AutoLoginFilter.java:253)
	at com.liferay.portal.kernel.servlet.BaseFilter.doFilter(BaseFilter.java:40)
	at com.liferay.portal.kernel.servlet.filters.invoker.InvokerFilterChain.processDoFilter(InvokerFilterChain.java:204)
	at com.liferay.portal.kernel.servlet.filters.invoker.InvokerFilterChain.doFilter(InvokerFilterChain.java:109)
	at com.liferay.portal.kernel.servlet.BaseFilter.processFilter(BaseFilter.java:138)
	at com.liferay.portal.servlet.filters.virtualhost.VirtualHostFilter.processFilter(VirtualHostFilter.java:236)
	at com.liferay.portal.kernel.servlet.BaseFilter.doFilter(BaseFilter.java:40)
	at com.liferay.portal.kernel.servlet.filters.invoker.InvokerFilterChain.processDoFilter(InvokerFilterChain.java:204)
	at com.liferay.portal.kernel.servlet.filters.invoker.InvokerFilterChain.doFilter(InvokerFilterChain.java:109)
	at com.liferay.portal.kernel.servlet.BaseFilter.processFilter(BaseFilter.java:138)
	at com.liferay.portal.monitoring.internal.servlet.filter.MonitoringFilter.processFilter(MonitoringFilter.java:116)
	at com.liferay.portal.kernel.servlet.BaseFilter.doFilter(BaseFilter.java:40)
	at com.liferay.portal.kernel.servlet.filters.invoker.InvokerFilterChain.processDoFilter(InvokerFilterChain.java:204)
	at com.liferay.portal.kernel.servlet.filters.invoker.InvokerFilterChain.doFilter(InvokerFilterChain.java:109)
	at com.liferay.portal.kernel.servlet.filters.invoker.InvokerFilterChain.processDirectCallFilter(InvokerFilterChain.java:189)
	at com.liferay.portal.kernel.servlet.filters.invoker.InvokerFilterChain.doFilter(InvokerFilterChain.java:92)
	at com.liferay.portal.kernel.servlet.filters.invoker.InvokerFilterChain.processDirectCallFilter(InvokerFilterChain.java:189)
	at com.liferay.portal.kernel.servlet.filters.invoker.InvokerFilterChain.doFilter(InvokerFilterChain.java:92)
	at org.tuckey.web.filters.urlrewrite.RuleChain.handleRewrite(RuleChain.java:176)
	at org.tuckey.web.filters.urlrewrite.RuleChain.doRules(RuleChain.java:145)
	at org.tuckey.web.filters.urlrewrite.UrlRewriter.processRequest(UrlRewriter.java:92)
	at org.tuckey.web.filters.urlrewrite.UrlRewriteFilter.doFilter(UrlRewriteFilter.java:389)
	at com.liferay.portal.url.rewrite.filter.internal.URLRewriteFilter.processFilter(URLRewriteFilter.java:86)
	at com.liferay.portal.kernel.servlet.BaseFilter.doFilter(BaseFilter.java:40)
	at com.liferay.portal.kernel.servlet.filters.invoker.InvokerFilterChain.processDoFilter(InvokerFilterChain.java:204)
	at com.liferay.portal.kernel.servlet.filters.invoker.InvokerFilterChain.doFilter(InvokerFilterChain.java:109)
	at com.liferay.portal.kernel.servlet.filters.invoker.InvokerFilterChain.processDirectCallFilter(InvokerFilterChain.java:168)
	at com.liferay.portal.kernel.servlet.filters.invoker.InvokerFilterChain.doFilter(InvokerFilterChain.java:92)
	at com.liferay.portal.kernel.servlet.filters.invoker.InvokerFilterChain.processDirectCallFilter(InvokerFilterChain.java:168)
	at com.liferay.portal.kernel.servlet.filters.invoker.InvokerFilterChain.doFilter(InvokerFilterChain.java:92)
	at com.liferay.portal.kernel.servlet.filters.invoker.InvokerFilterChain.processDirectCallFilter(InvokerFilterChain.java:189)
	at com.liferay.portal.kernel.servlet.filters.invoker.InvokerFilterChain.doFilter(InvokerFilterChain.java:92)
	at com.liferay.portal.kernel.servlet.filters.invoker.InvokerFilter.doFilter(InvokerFilter.java:95)
	at com.liferay.shielded.container.internal.proxy.FilterWrapper.doFilter(FilterWrapper.java:69)
	at org.apache.catalina.core.ApplicationFilterChain.internalDoFilter(ApplicationFilterChain.java:178)
	at org.apache.catalina.core.ApplicationFilterChain.doFilter(ApplicationFilterChain.java:153)
	at org.apache.catalina.core.StandardWrapperValve.invoke(StandardWrapperValve.java:168)
	at org.apache.catalina.core.StandardContextValve.invoke(StandardContextValve.java:90)
	at org.apache.catalina.authenticator.AuthenticatorBase.invoke(AuthenticatorBase.java:481)
	at org.apache.catalina.core.StandardHostValve.invoke(StandardHostValve.java:130)
	at org.apache.catalina.valves.ErrorReportValve.invoke(ErrorReportValve.java:93)
	at org.apache.catalina.core.StandardEngineValve.invoke(StandardEngineValve.java:74)
	at org.apache.catalina.connector.CoyoteAdapter.service(CoyoteAdapter.java:342)
	at org.apache.coyote.http11.Http11Processor.service(Http11Processor.java:390)
	at org.apache.coyote.AbstractProcessorLight.process(AbstractProcessorLight.java:63)
	at org.apache.coyote.AbstractProtocol$ConnectionHandler.process(AbstractProtocol.java:928)
	at org.apache.tomcat.util.net.NioEndpoint$SocketProcessor.doRun(NioEndpoint.java:1794)
	at org.apache.tomcat.util.net.SocketProcessorBase.run(SocketProcessorBase.java:52)
	at org.apache.tomcat.util.threads.ThreadPoolExecutor.runWorker(ThreadPoolExecutor.java:1191)
	at org.apache.tomcat.util.threads.ThreadPoolExecutor$Worker.run(ThreadPoolExecutor.java:659)
	at org.apache.tomcat.util.threads.TaskThread$WrappingRunnable.run(TaskThread.java:61)
	at java.base/java.lang.Thread.run(Thread.java:1583)
Caused by: java.lang.RuntimeException: Unable to start sidecar Elasticsearch process
	at com.liferay.portal.search.elasticsearch7.internal.sidecar.Sidecar._executeSidecarMainProcess(Sidecar.java:254)
	at com.liferay.portal.search.elasticsearch7.internal.sidecar.Sidecar.start(Sidecar.java:92)
	at com.liferay.portal.search.elasticsearch7.internal.sidecar.SidecarManager.lambda$applyConfigurations$0(SidecarManager.java:106)
	at com.liferay.portal.search.elasticsearch7.internal.connection.ElasticsearchConnection.connect(ElasticsearchConnection.java:52)
	at com.liferay.portal.search.elasticsearch7.internal.connection.ElasticsearchConnectionManager.lambda$addElasticsearchConnection$0(ElasticsearchConnectionManager.java:74)
	at java.base/java.util.concurrent.FutureTask.run(FutureTask.java:317)
	at java.base/java.util.concurrent.Executors$RunnableAdapter.call(Executors.java:572)
	at java.base/java.util.concurrent.FutureTask.run(FutureTask.java:317)
	at java.base/java.util.concurrent.ThreadPoolExecutor.runWorker(ThreadPoolExecutor.java:1144)
	at java.base/java.util.concurrent.ThreadPoolExecutor$Worker.run(ThreadPoolExecutor.java:642)
	... 1 more
Caused by: com.liferay.petra.process.ProcessException: java.io.IOException: The pipe is being closed
	at com.liferay.petra.process.local.LocalProcessExecutor.execute(LocalProcessExecutor.java:113)
	at com.liferay.portal.search.elasticsearch7.internal.sidecar.Sidecar._executeSidecarMainProcess(Sidecar.java:246)
	... 10 more
Caused by: java.io.IOException: The pipe is being closed
	at java.base/java.io.FileOutputStream.writeBytes(Native Method)
	at java.base/java.io.FileOutputStream.write(FileOutputStream.java:367)
	at java.base/java.io.BufferedOutputStream.flushBuffer(BufferedOutputStream.java:125)
	at java.base/java.io.BufferedOutputStream.implWrite(BufferedOutputStream.java:222)
	at java.base/java.io.BufferedOutputStream.write(BufferedOutputStream.java:200)
	at java.base/java.io.ObjectOutputStream$BlockDataOutputStream.drain(ObjectOutputStream.java:1899)
	at java.base/java.io.ObjectOutputStream$BlockDataOutputStream.write(ObjectOutputStream.java:1870)
	at java.base/java.io.ObjectOutputStream.write(ObjectOutputStream.java:725)
	at java.base/java.io.ObjectOutputStream$BlockDataOutputStream.drain(ObjectOutputStream.java:1899)
	at java.base/java.io.ObjectOutputStream$BlockDataOutputStream.writeByte(ObjectOutputStream.java:1937)
	at java.base/java.io.ObjectOutputStream.writeFatalException(ObjectOutputStream.java:1614)
	at java.base/java.io.ObjectOutputStream.writeObject(ObjectOutputStream.java:361)
	at com.liferay.petra.process.local.LocalProcessExecutor.execute(LocalProcessExecutor.java:88)
	... 11 more
